<?xml version="1.0" encoding="UTF-8"?>
<!-- Generated by org.testng.reporters.JUnitReportReporter -->
<testsuite hostname="QKSRVSH05" failures="0" tests="3" name="PolicyBazaar.TermLifeInsurance.TestingTermLifeInsurance" time="102.016" errors="0" timestamp="2021-05-23T15:39:14 IST" skipped="0">
  <testcase classname="PolicyBazaar.TermLifeInsurance.TestingTermLifeInsurance" name="testTermLifeInsurance" time="33.134"/>
  <system-out/>
  <testcase classname="PolicyBazaar.TermLifeInsurance.TestingTermLifeInsurance" name="testTermLifeInsurance" time="34.808"/>
  <system-out/>
  <testcase classname="PolicyBazaar.TermLifeInsurance.TestingTermLifeInsurance" name="testTermLifeInsurance" time="34.074"/>
  <system-out/>
</testsuite> <!-- PolicyBazaar.TermLifeInsurance.TestingTermLifeInsurance -->
