<?xml version="1.0" encoding="UTF-8"?>
<!-- Generated by org.testng.reporters.JUnitReportReporter -->
<testsuite hostname="QKSRVSH05" failures="0" tests="4" name="PolicyBazaar.TermLifeInsurance.TestingTermLifeInsurance" time="135.928" errors="0" timestamp="2021-05-23T16:37:02 IST" skipped="0">
  <testcase classname="PolicyBazaar.TermLifeInsurance.TestingTermLifeInsurance" name="testTermLifeInsurance" time="35.548"/>
  <system-out/>
  <testcase classname="PolicyBazaar.TermLifeInsurance.TestingTermLifeInsurance" name="testTermLifeInsurance" time="31.224"/>
  <system-out/>
  <testcase classname="PolicyBazaar.TermLifeInsurance.TestingTermLifeInsurance" name="testTermLifeInsurance" time="34.438"/>
  <system-out/>
  <testcase classname="PolicyBazaar.TermLifeInsurance.TestingTermLifeInsurance" name="testTermLifeInsurance" time="34.718"/>
  <system-out/>
</testsuite> <!-- PolicyBazaar.TermLifeInsurance.TestingTermLifeInsurance -->
