<?xml version="1.0" encoding="UTF-8"?>
<!-- Generated by org.testng.reporters.JUnitReportReporter -->
<testsuite hostname="QKSRVSH05" failures="0" tests="3" name="PolicyBazaar.TermLifeInsurance.TestingTermLifeInsurance" time="102.735" errors="0" timestamp="2021-05-23T16:10:10 IST" skipped="0">
  <testcase classname="PolicyBazaar.TermLifeInsurance.TestingTermLifeInsurance" name="testTermLifeInsurance" time="34.963"/>
  <system-out/>
  <testcase classname="PolicyBazaar.TermLifeInsurance.TestingTermLifeInsurance" name="testTermLifeInsurance" time="35.452"/>
  <system-out/>
  <testcase classname="PolicyBazaar.TermLifeInsurance.TestingTermLifeInsurance" name="testTermLifeInsurance" time="32.320"/>
  <system-out/>
</testsuite> <!-- PolicyBazaar.TermLifeInsurance.TestingTermLifeInsurance -->
