<?xml version="1.0" encoding="UTF-8"?>
<!-- Generated by org.testng.reporters.JUnitReportReporter -->
<testsuite hostname="QKSRVSH05" failures="0" tests="3" name="PolicyBazaar.TermLifeInsurance.TestingTermLifeInsurance" time="74.357" errors="0" timestamp="2021-05-23T11:31:32 IST" skipped="0">
  <testcase classname="PolicyBazaar.TermLifeInsurance.TestingTermLifeInsurance" name="testTermLifeInsurance" time="19.787"/>
  <system-out/>
  <testcase classname="PolicyBazaar.TermLifeInsurance.TestingTermLifeInsurance" name="testTermLifeInsurance" time="34.948"/>
  <system-out/>
  <testcase classname="PolicyBazaar.TermLifeInsurance.TestingTermLifeInsurance" name="testTermLifeInsurance" time="19.622"/>
  <system-out/>
</testsuite> <!-- PolicyBazaar.TermLifeInsurance.TestingTermLifeInsurance -->
