<?xml version="1.0" encoding="UTF-8"?>
<!-- Generated by org.testng.reporters.JUnitReportReporter -->
<testsuite hostname="QKSRVSH05" failures="0" tests="3" name="PolicyBazaar.TermLifeInsurance.TestingTermLifeInsurance" time="102.254" errors="0" timestamp="2021-05-23T15:50:04 IST" skipped="0">
  <testcase classname="PolicyBazaar.TermLifeInsurance.TestingTermLifeInsurance" name="testTermLifeInsurance" time="31.174"/>
  <system-out/>
  <testcase classname="PolicyBazaar.TermLifeInsurance.TestingTermLifeInsurance" name="testTermLifeInsurance" time="36.264"/>
  <system-out/>
  <testcase classname="PolicyBazaar.TermLifeInsurance.TestingTermLifeInsurance" name="testTermLifeInsurance" time="34.816"/>
  <system-out/>
</testsuite> <!-- PolicyBazaar.TermLifeInsurance.TestingTermLifeInsurance -->
